#
# There is insufficient memory for the Java Runtime Environment to continue.
# Native memory allocation (malloc) failed to allocate 1264336 bytes for Chunk::new
# Possible reasons:
#   The system is out of physical RAM or swap space
#   The process is running with CompressedOops enabled, and the Java Heap may be blocking the growth of the native heap
# Possible solutions:
#   Reduce memory load on the system
#   Increase physical memory or swap space
#   Check if swap backing store is full
#   Decrease Java heap size (-Xmx/-Xms)
#   Decrease number of Java threads
#   Decrease Java thread stack sizes (-Xss)
#   Set larger code cache with -XX:ReservedCodeCacheSize=
#   JVM is running with Unscaled Compressed Oops mode in which the Java heap is
#     placed in the first 4GB address space. The Java Heap base address is the
#     maximum limit for the native heap growth. Please use -XX:HeapBaseMinAddress
#     to set the Java Heap base and to place the Java Heap above 4GB virtual address.
# This output file may be truncated or incomplete.
#
#  Out of Memory Error (arena.cpp:189), pid=2460, tid=2696
#
# JRE version: Java(TM) SE Runtime Environment (17.0.8+9) (build 17.0.8+9-LTS-211)
# Java VM: Java HotSpot(TM) 64-Bit Server VM (17.0.8+9-LTS-211, mixed mode, sharing, tiered, compressed oops, compressed class ptrs, g1 gc, windows-amd64)
# No core dump will be written. Minidumps are not enabled by default on client versions of Windows
#

---------------  S U M M A R Y ------------

Command Line: --add-opens=java.base/java.lang=ALL-UNNAMED --add-opens=java.base/java.lang.invoke=ALL-UNNAMED --add-opens=java.base/java.util=ALL-UNNAMED --add-opens=java.prefs/java.util.prefs=ALL-UNNAMED --add-exports=jdk.compiler/com.sun.tools.javac.api=ALL-UNNAMED --add-exports=jdk.compiler/com.sun.tools.javac.util=ALL-UNNAMED --add-opens=java.base/java.util=ALL-UNNAMED --add-opens=java.prefs/java.util.prefs=ALL-UNNAMED --add-opens=java.base/java.nio.charset=ALL-UNNAMED --add-opens=java.base/java.net=ALL-UNNAMED --add-opens=java.base/java.util.concurrent.atomic=ALL-UNNAMED --add-opens=java.xml/javax.xml.namespace=ALL-UNNAMED -XX:MaxMetaspaceSize=384m -XX:+HeapDumpOnOutOfMemoryError -Xms256m -Xmx512m -Dfile.encoding=UTF-8 -Duser.country=US -Duser.language=en -Duser.variant -javaagent:C:\Users\FPTSHOP\.gradle\wrapper\dists\gradle-8.11.1-bin\bpt9gzteqjrbo1mjrsomdt32c\gradle-8.11.1\lib\agents\gradle-instrumentation-agent-8.11.1.jar org.gradle.launcher.daemon.bootstrap.GradleDaemon 8.11.1

Host: AMD Ryzen 5 5600H with Radeon Graphics         , 12 cores, 15G,  Windows 11 , 64 bit Build 22621 (10.0.22621.5124)
Time: Sat May 17 21:20:51 2025 SE Asia Standard Time elapsed time: 339.217618 seconds (0d 0h 5m 39s)

---------------  T H R E A D  ---------------

Current thread (0x000001b938c453c0):  JavaThread "C2 CompilerThread0" daemon [_thread_in_native, id=2696, stack(0x00000015e2200000,0x00000015e2300000)]


Current CompileTask:
C2: 339217 16312       4       org.gradle.internal.resource.local.GroupedAndNamedUniqueFileStore::toPath (61 bytes)

Stack: [0x00000015e2200000,0x00000015e2300000]
Native frames: (J=compiled Java code, j=interpreted, Vv=VM code, C=native code)
V  [jvm.dll+0x677d0a]
V  [jvm.dll+0x7d8c54]
V  [jvm.dll+0x7da3fe]
V  [jvm.dll+0x7daa63]
V  [jvm.dll+0x245c5f]
V  [jvm.dll+0xaaa6b]
V  [jvm.dll+0xab00c]
V  [jvm.dll+0x361e3f]
V  [jvm.dll+0x32c551]
V  [jvm.dll+0x32b9ea]
V  [jvm.dll+0x217fff]
V  [jvm.dll+0x217431]
V  [jvm.dll+0x1a3af0]
V  [jvm.dll+0x2270be]
V  [jvm.dll+0x22535b]
V  [jvm.dll+0x78e7bc]
V  [jvm.dll+0x788bba]
V  [jvm.dll+0x676b35]
C  [ucrtbase.dll+0x29333]
C  [KERNEL32.DLL+0x1259d]
C  [ntdll.dll+0x5af38]


---------------  P R O C E S S  ---------------

Threads class SMR info:
_java_thread_list=0x000001b9572ea410, length=165, elements={
0x000001b91dea67c0, 0x000001b938c2b750, 0x000001b938c2c3c0, 0x000001b938c3d970,
0x000001b938c3f640, 0x000001b938c43f10, 0x000001b938c447d0, 0x000001b938c453c0,
0x000001b938c4dcd0, 0x000001b952020090, 0x000001b938c13e70, 0x000001b95227cc80,
0x000001b953245670, 0x000001b9540014f0, 0x000001b954046040, 0x000001b954280b20,
0x000001b9542831a0, 0x000001b954280ff0, 0x000001b954283b40, 0x000001b954281e60,
0x000001b954282800, 0x000001b954881700, 0x000001b95487e6e0, 0x000001b95487ebb0,
0x000001b9548833e0, 0x000001b954881bd0, 0x000001b954881230, 0x000001b95487c060,
0x000001b95487c530, 0x000001b95487f080, 0x000001b955c5eef0, 0x000001b955c5e550,
0x000001b955c5e080, 0x000001b955c5f3c0, 0x000001b955c60230, 0x000001b955c62d80,
0x000001b955c5ea20, 0x000001b955c5dbb0, 0x000001b955c64a60, 0x000001b955c63250,
0x000001b955c5f890, 0x000001b9593813f0, 0x000001b95937a070, 0x000001b95478ec50,
0x000001b954790930, 0x000001b9554a6d80, 0x000001b956498d40, 0x000001b95937c6f0,
0x000001b95937d090, 0x000001b95937f710, 0x000001b95937cbc0, 0x000001b95937aee0,
0x000001b959380a50, 0x000001b95937b880, 0x000001b95937d560, 0x000001b95937bd50,
0x000001b959380580, 0x000001b95937a540, 0x000001b959380f20, 0x000001b9593818c0,
0x000001b95937c220, 0x000001b95937da30, 0x000001b95937aa10, 0x000001b95937df00,
0x000001b95937e3d0, 0x000001b95937ed70, 0x000001b95937f240, 0x000001b95937fbe0,
0x000001b9593800b0, 0x000001b956717ed0, 0x000001b95671d570, 0x000001b95671a550,
0x000001b9567196e0, 0x000001b95671d0a0, 0x000001b95671df10, 0x000001b95671e3e0,
0x000001b95671b3c0, 0x000001b95671b890, 0x000001b95671bd60, 0x000001b95671da40,
0x000001b95671c230, 0x000001b956718d40, 0x000001b956717530, 0x000001b956717060,
0x000001b95671aef0, 0x000001b956717a00, 0x000001b9567183a0, 0x000001b956719210,
0x000001b95671cbd0, 0x000001b955b0dab0, 0x000001b956719bb0, 0x000001b95671e8b0,
0x000001b95671a080, 0x000001b95671aa20, 0x000001b95671c700, 0x000001b9554a8f30,
0x000001b9554a63e0, 0x000001b9554a7720, 0x000001b9554a9da0, 0x000001b9554ab0e0,
0x000001b9554ab5b0, 0x000001b9554a4230, 0x000001b9554a5570, 0x000001b9554a3d60,
0x000001b9554a7250, 0x000001b9554aac10, 0x000001b9554a9400, 0x000001b9554a7bf0,
0x000001b9554a98d0, 0x000001b9554a4bd0, 0x000001b9554a68b0, 0x000001b9554a50a0,
0x000001b9554a5a40, 0x000001b9554a80c0, 0x000001b9554a5f10, 0x000001b9554a8590,
0x000001b9554a8a60, 0x000001b952e787b0, 0x000001b952e77940, 0x000001b952e76130,
0x000001b952e76ad0, 0x000001b952e74920, 0x000001b952e76600, 0x000001b952e77e10,
0x000001b952e7a490, 0x000001b952e73f80, 0x000001b952e76fa0, 0x000001b952e75c60,
0x000001b952e73110, 0x000001b952e77470, 0x000001b952e75790, 0x000001b952e78c80,
0x000001b952e79150, 0x000001b952e79620, 0x000001b952e735e0, 0x000001b952e79af0,
0x000001b952e79fc0, 0x000001b952e73ab0, 0x000001b952e74450, 0x000001b952e74df0,
0x000001b95478f5f0, 0x000001b954795630, 0x000001b954791c70, 0x000001b9547917a0,
0x000001b95478f120, 0x000001b954793950, 0x000001b95478fac0, 0x000001b954792fb0,
0x000001b954793480, 0x000001b9547912d0, 0x000001b9547947c0, 0x000001b954792140,
0x000001b954792ae0, 0x000001b95478ff90, 0x000001b954790460, 0x000001b954793e20,
0x000001b954792610, 0x000001b954794c90, 0x000001b9547942f0, 0x000001b95478e780,
0x000001b954795160, 0x000001b954795b00, 0x000001b95478e2b0, 0x000001b956498870,
0x000001b956499210
}

Java Threads: ( => current thread )
  0x000001b91dea67c0 JavaThread "main" [_thread_blocked, id=17924, stack(0x00000015e1500000,0x00000015e1600000)]
  0x000001b938c2b750 JavaThread "Reference Handler" daemon [_thread_blocked, id=11436, stack(0x00000015e1c00000,0x00000015e1d00000)]
  0x000001b938c2c3c0 JavaThread "Finalizer" daemon [_thread_blocked, id=18800, stack(0x00000015e1d00000,0x00000015e1e00000)]
  0x000001b938c3d970 JavaThread "Signal Dispatcher" daemon [_thread_blocked, id=15756, stack(0x00000015e1e00000,0x00000015e1f00000)]
  0x000001b938c3f640 JavaThread "Attach Listener" daemon [_thread_blocked, id=6460, stack(0x00000015e1f00000,0x00000015e2000000)]
  0x000001b938c43f10 JavaThread "Service Thread" daemon [_thread_blocked, id=7828, stack(0x00000015e2000000,0x00000015e2100000)]
  0x000001b938c447d0 JavaThread "Monitor Deflation Thread" daemon [_thread_blocked, id=7580, stack(0x00000015e2100000,0x00000015e2200000)]
=>0x000001b938c453c0 JavaThread "C2 CompilerThread0" daemon [_thread_in_native, id=2696, stack(0x00000015e2200000,0x00000015e2300000)]
  0x000001b938c4dcd0 JavaThread "C1 CompilerThread0" daemon [_thread_blocked, id=15204, stack(0x00000015e2300000,0x00000015e2400000)]
  0x000001b952020090 JavaThread "Sweeper thread" daemon [_thread_blocked, id=13028, stack(0x00000015e2400000,0x00000015e2500000)]
  0x000001b938c13e70 JavaThread "Common-Cleaner" daemon [_thread_blocked, id=21448, stack(0x00000015e2500000,0x00000015e2600000)]
  0x000001b95227cc80 JavaThread "Notification Thread" daemon [_thread_blocked, id=1556, stack(0x00000015e2600000,0x00000015e2700000)]
  0x000001b953245670 JavaThread "Daemon health stats" [_thread_blocked, id=6472, stack(0x00000015e2f00000,0x00000015e3000000)]
  0x000001b9540014f0 JavaThread "Incoming local TCP Connector on port 55399" [_thread_in_native, id=4876, stack(0x00000015e3000000,0x00000015e3100000)]
  0x000001b954046040 JavaThread "Daemon periodic checks" [_thread_blocked, id=21068, stack(0x00000015e3100000,0x00000015e3200000)]
  0x000001b954280b20 JavaThread "Cache worker for journal cache (C:\Users\FPTSHOP\.gradle\caches\journal-1)" [_thread_blocked, id=7144, stack(0x00000015e3900000,0x00000015e3a00000)]
  0x000001b9542831a0 JavaThread "File lock request listener" [_thread_in_native, id=15780, stack(0x00000015e3a00000,0x00000015e3b00000)]
  0x000001b954280ff0 JavaThread "Cache worker for file hash cache (C:\Users\FPTSHOP\.gradle\caches\8.11.1\fileHashes)" [_thread_blocked, id=17596, stack(0x00000015e3b00000,0x00000015e3c00000)]
  0x000001b954283b40 JavaThread "Cache worker for file content cache (C:\Users\FPTSHOP\.gradle\caches\8.11.1\fileContent)" [_thread_blocked, id=1852, stack(0x00000015e3c00000,0x00000015e3d00000)]
  0x000001b954281e60 JavaThread "File watcher server" daemon [_thread_in_native, id=20580, stack(0x00000015e4500000,0x00000015e4600000)]
  0x000001b954282800 JavaThread "File watcher consumer" daemon [_thread_blocked, id=9272, stack(0x00000015e4600000,0x00000015e4700000)]
  0x000001b954881700 JavaThread "jar transforms" [_thread_blocked, id=14896, stack(0x00000015e4a00000,0x00000015e4b00000)]
  0x000001b95487e6e0 JavaThread "jar transforms Thread 2" [_thread_blocked, id=9176, stack(0x00000015e4b00000,0x00000015e4c00000)]
  0x000001b95487ebb0 JavaThread "jar transforms Thread 3" [_thread_blocked, id=21212, stack(0x00000015e4c00000,0x00000015e4d00000)]
  0x000001b9548833e0 JavaThread "jar transforms Thread 4" [_thread_blocked, id=22368, stack(0x00000015e4f00000,0x00000015e5000000)]
  0x000001b954881bd0 JavaThread "jar transforms Thread 5" [_thread_blocked, id=19720, stack(0x00000015e5000000,0x00000015e5100000)]
  0x000001b954881230 JavaThread "jar transforms Thread 6" [_thread_blocked, id=10864, stack(0x00000015e5100000,0x00000015e5200000)]
  0x000001b95487c060 JavaThread "jar transforms Thread 7" [_thread_blocked, id=11792, stack(0x00000015e5200000,0x00000015e5300000)]
  0x000001b95487c530 JavaThread "jar transforms Thread 8" [_thread_blocked, id=5724, stack(0x00000015e5300000,0x00000015e5400000)]
  0x000001b95487f080 JavaThread "jar transforms Thread 9" [_thread_blocked, id=21244, stack(0x00000015e5400000,0x00000015e5500000)]
  0x000001b955c5eef0 JavaThread "Memory manager" [_thread_blocked, id=12472, stack(0x00000015e7600000,0x00000015e7700000)]
  0x000001b955c5e550 JavaThread "jar transforms Thread 10" [_thread_blocked, id=8060, stack(0x00000015e7800000,0x00000015e7900000)]
  0x000001b955c5e080 JavaThread "ForkJoinPool.commonPool-worker-1" daemon [_thread_blocked, id=17072, stack(0x00000015e7900000,0x00000015e7a00000)]
  0x000001b955c5f3c0 JavaThread "ForkJoinPool.commonPool-worker-2" daemon [_thread_blocked, id=21556, stack(0x00000015e7a00000,0x00000015e7b00000)]
  0x000001b955c60230 JavaThread "ForkJoinPool.commonPool-worker-3" daemon [_thread_blocked, id=8852, stack(0x00000015e7b00000,0x00000015e7c00000)]
  0x000001b955c62d80 JavaThread "ForkJoinPool.commonPool-worker-4" daemon [_thread_blocked, id=11356, stack(0x00000015e7c00000,0x00000015e7d00000)]
  0x000001b955c5ea20 JavaThread "ForkJoinPool.commonPool-worker-5" daemon [_thread_blocked, id=11372, stack(0x00000015e7d00000,0x00000015e7e00000)]
  0x000001b955c5dbb0 JavaThread "ForkJoinPool.commonPool-worker-6" daemon [_thread_blocked, id=4824, stack(0x00000015e7e00000,0x00000015e7f00000)]
  0x000001b955c64a60 JavaThread "ForkJoinPool.commonPool-worker-7" daemon [_thread_blocked, id=16704, stack(0x00000015e7f00000,0x00000015e8000000)]
  0x000001b955c63250 JavaThread "ForkJoinPool.commonPool-worker-8" daemon [_thread_blocked, id=21144, stack(0x00000015e8000000,0x00000015e8100000)]
  0x000001b955c5f890 JavaThread "ForkJoinPool.commonPool-worker-10" daemon [_thread_blocked, id=3672, stack(0x00000015e8200000,0x00000015e8300000)]
  0x000001b9593813f0 JavaThread "Cache worker for Java compile cache (C:\Users\FPTSHOP\.gradle\caches\8.11.1\javaCompile)" [_thread_blocked, id=21432, stack(0x00000015eeb00000,0x00000015eec00000)]
  0x000001b95937a070 JavaThread "ForkJoinPool.commonPool-worker-12" daemon [_thread_blocked, id=18248, stack(0x00000015e6900000,0x00000015e6a00000)]
  0x000001b95478ec50 JavaThread "Daemon Thread 4" [_thread_blocked, id=15736, stack(0x00000015e1300000,0x00000015e1400000)]
  0x000001b954790930 JavaThread "Daemon worker Thread 3" [_thread_in_Java, id=8532, stack(0x00000015e2900000,0x00000015e2a00000)]
  0x000001b9554a6d80 JavaThread "ForkJoinPool.commonPool-worker-13" daemon [_thread_blocked, id=20268, stack(0x00000015e6800000,0x00000015e6900000)]
  0x000001b956498d40 JavaThread "included builds" [_thread_blocked, id=21308, stack(0x00000015ec900000,0x00000015eca00000)]
  0x000001b95937c6f0 JavaThread "VFS cleanup Thread 3" [_thread_blocked, id=8164, stack(0x00000015e3200000,0x00000015e3300000)]
  0x000001b95937d090 JavaThread "Handler for socket connection from /127.0.0.1:55399 to /127.0.0.1:55749" [_thread_in_native, id=21024, stack(0x00000015e1400000,0x00000015e1500000)]
  0x000001b95937f710 JavaThread "Cancel handler" [_thread_blocked, id=9300, stack(0x00000015e2800000,0x00000015e2900000)]
  0x000001b95937cbc0 JavaThread "Asynchronous log dispatcher for DefaultDaemonConnection: socket connection from /127.0.0.1:55399 to /127.0.0.1:55749" [_thread_blocked, id=10456, stack(0x00000015e3300000,0x00000015e3400000)]
  0x000001b95937aee0 JavaThread "Stdin handler" [_thread_blocked, id=9276, stack(0x00000015e3400000,0x00000015e3500000)]
  0x000001b959380a50 JavaThread "Daemon client event forwarder" [_thread_blocked, id=4180, stack(0x00000015e3500000,0x00000015e3600000)]
  0x000001b95937b880 JavaThread "Cache worker for file hash cache (A:\KTPM\KienTrucVaThietKePhanMem_Nhom8_TrietThinhDuyPhuong-main\KienTrucVaThietKePhanMem_Nhom8_TrietThinhDuyPhuong-main\.gradle\8.11.1\fileHashes)" [_thread_blocked, id=13440, stack(0x00000015e3600000,0x00000015e3700000)]
  0x000001b95937d560 JavaThread "Cache worker for Build Output Cleanup Cache (A:\KTPM\KienTrucVaThietKePhanMem_Nhom8_TrietThinhDuyPhuong-main\KienTrucVaThietKePhanMem_Nhom8_TrietThinhDuyPhuong-main\.gradle\buildOutputCleanup)" [_thread_blocked, id=22436, stack(0x00000015e3700000,0x00000015e3800000)]
  0x000001b95937bd50 JavaThread "Cache worker for checksums cache (A:\KTPM\KienTrucVaThietKePhanMem_Nhom8_TrietThinhDuyPhuong-main\KienTrucVaThietKePhanMem_Nhom8_TrietThinhDuyPhuong-main\.gradle\8.11.1\checksums)" [_thread_blocked, id=5288, stack(0x00000015e3800000,0x00000015e3900000)]
  0x000001b959380580 JavaThread "Cache worker for cache directory md-rule (C:\Users\FPTSHOP\.gradle\caches\8.11.1\md-rule)" [_thread_blocked, id=12640, stack(0x00000015e3d00000,0x00000015e3e00000)]
  0x000001b95937a540 JavaThread "Cache worker for cache directory md-supplier (C:\Users\FPTSHOP\.gradle\caches\8.11.1\md-supplier)" [_thread_blocked, id=19956, stack(0x00000015e3e00000,0x00000015e3f00000)]
  0x000001b959380f20 JavaThread "Unconstrained build operations" [_thread_blocked, id=17912, stack(0x00000015e4700000,0x00000015e4800000)]
  0x000001b9593818c0 JavaThread "Unconstrained build operations Thread 2" [_thread_blocked, id=15604, stack(0x00000015e4800000,0x00000015e4900000)]
  0x000001b95937c220 JavaThread "Unconstrained build operations Thread 3" [_thread_blocked, id=13012, stack(0x00000015e4900000,0x00000015e4a00000)]
  0x000001b95937da30 JavaThread "Unconstrained build operations Thread 4" [_thread_blocked, id=20968, stack(0x00000015e4d00000,0x00000015e4e00000)]
  0x000001b95937aa10 JavaThread "Unconstrained build operations Thread 5" [_thread_blocked, id=10388, stack(0x00000015e4e00000,0x00000015e4f00000)]
  0x000001b95937df00 JavaThread "Unconstrained build operations Thread 6" [_thread_blocked, id=18232, stack(0x00000015e5500000,0x00000015e5600000)]
  0x000001b95937e3d0 JavaThread "Unconstrained build operations Thread 7" [_thread_blocked, id=12388, stack(0x00000015e5600000,0x00000015e5700000)]
  0x000001b95937ed70 JavaThread "Unconstrained build operations Thread 8" [_thread_blocked, id=12972, stack(0x00000015e5700000,0x00000015e5800000)]
  0x000001b95937f240 JavaThread "Unconstrained build operations Thread 9" [_thread_blocked, id=15020, stack(0x00000015e5800000,0x00000015e5900000)]
  0x000001b95937fbe0 JavaThread "Unconstrained build operations Thread 10" [_thread_blocked, id=14952, stack(0x00000015e5900000,0x00000015e5a00000)]
  0x000001b9593800b0 JavaThread "Unconstrained build operations Thread 11" [_thread_blocked, id=11212, stack(0x00000015e5a00000,0x00000015e5b00000)]
  0x000001b956717ed0 JavaThread "Unconstrained build operations Thread 12" [_thread_blocked, id=6540, stack(0x00000015e5b00000,0x00000015e5c00000)]
  0x000001b95671d570 JavaThread "Unconstrained build operations Thread 13" [_thread_blocked, id=21044, stack(0x00000015e5c00000,0x00000015e5d00000)]
  0x000001b95671a550 JavaThread "Unconstrained build operations Thread 14" [_thread_blocked, id=21440, stack(0x00000015e5d00000,0x00000015e5e00000)]
  0x000001b9567196e0 JavaThread "Unconstrained build operations Thread 15" [_thread_blocked, id=21668, stack(0x00000015e5e00000,0x00000015e5f00000)]
  0x000001b95671d0a0 JavaThread "Unconstrained build operations Thread 16" [_thread_blocked, id=21560, stack(0x00000015e5f00000,0x00000015e6000000)]
  0x000001b95671df10 JavaThread "Unconstrained build operations Thread 17" [_thread_blocked, id=13324, stack(0x00000015e6000000,0x00000015e6100000)]
  0x000001b95671e3e0 JavaThread "Unconstrained build operations Thread 18" [_thread_blocked, id=21080, stack(0x00000015e6100000,0x00000015e6200000)]
  0x000001b95671b3c0 JavaThread "Unconstrained build operations Thread 19" [_thread_blocked, id=5348, stack(0x00000015e6200000,0x00000015e6300000)]
  0x000001b95671b890 JavaThread "Unconstrained build operations Thread 20" [_thread_blocked, id=12728, stack(0x00000015e6300000,0x00000015e6400000)]
  0x000001b95671bd60 JavaThread "Unconstrained build operations Thread 21" [_thread_blocked, id=21624, stack(0x00000015e6400000,0x00000015e6500000)]
  0x000001b95671da40 JavaThread "Unconstrained build operations Thread 22" [_thread_blocked, id=6004, stack(0x00000015e6500000,0x00000015e6600000)]
  0x000001b95671c230 JavaThread "Unconstrained build operations Thread 23" [_thread_blocked, id=12864, stack(0x00000015e6600000,0x00000015e6700000)]
  0x000001b956718d40 JavaThread "Unconstrained build operations Thread 24" [_thread_blocked, id=15584, stack(0x00000015e6700000,0x00000015e6800000)]
  0x000001b956717530 JavaThread "Unconstrained build operations Thread 25" [_thread_blocked, id=9008, stack(0x00000015e6a00000,0x00000015e6b00000)]
  0x000001b956717060 JavaThread "Unconstrained build operations Thread 26" [_thread_blocked, id=15592, stack(0x00000015e6b00000,0x00000015e6c00000)]
  0x000001b95671aef0 JavaThread "Unconstrained build operations Thread 27" [_thread_blocked, id=16392, stack(0x00000015e6c00000,0x00000015e6d00000)]
  0x000001b956717a00 JavaThread "Unconstrained build operations Thread 28" [_thread_blocked, id=9536, stack(0x00000015e6d00000,0x00000015e6e00000)]
  0x000001b9567183a0 JavaThread "Unconstrained build operations Thread 29" [_thread_blocked, id=21064, stack(0x00000015e6e00000,0x00000015e6f00000)]
  0x000001b956719210 JavaThread "Unconstrained build operations Thread 30" [_thread_blocked, id=10972, stack(0x00000015e6f00000,0x00000015e7000000)]
  0x000001b95671cbd0 JavaThread "Unconstrained build operations Thread 31" [_thread_blocked, id=18752, stack(0x00000015e7000000,0x00000015e7100000)]
  0x000001b955b0dab0 JavaThread "C2 CompilerThread1" daemon [_thread_in_native, id=18808, stack(0x00000015e7100000,0x00000015e7200000)]
  0x000001b956719bb0 JavaThread "Unconstrained build operations Thread 32" [_thread_blocked, id=3644, stack(0x00000015e7200000,0x00000015e7300000)]
  0x000001b95671e8b0 JavaThread "Unconstrained build operations Thread 33" [_thread_blocked, id=22512, stack(0x00000015e7300000,0x00000015e7400000)]
  0x000001b95671a080 JavaThread "Unconstrained build operations Thread 34" [_thread_blocked, id=22372, stack(0x00000015e7400000,0x00000015e7500000)]
  0x000001b95671aa20 JavaThread "Unconstrained build operations Thread 35" [_thread_blocked, id=17696, stack(0x00000015e7500000,0x00000015e7600000)]
  0x000001b95671c700 JavaThread "Unconstrained build operations Thread 36" [_thread_blocked, id=10160, stack(0x00000015e8100000,0x00000015e8200000)]
  0x000001b9554a8f30 JavaThread "Unconstrained build operations Thread 37" [_thread_blocked, id=7532, stack(0x00000015e8300000,0x00000015e8400000)]
  0x000001b9554a63e0 JavaThread "Unconstrained build operations Thread 38" [_thread_blocked, id=22220, stack(0x00000015e8400000,0x00000015e8500000)]
  0x000001b9554a7720 JavaThread "Unconstrained build operations Thread 39" [_thread_blocked, id=7708, stack(0x00000015e8500000,0x00000015e8600000)]
  0x000001b9554a9da0 JavaThread "Unconstrained build operations Thread 40" [_thread_blocked, id=12144, stack(0x00000015e8600000,0x00000015e8700000)]
  0x000001b9554ab0e0 JavaThread "Unconstrained build operations Thread 41" [_thread_blocked, id=10284, stack(0x00000015e8700000,0x00000015e8800000)]
  0x000001b9554ab5b0 JavaThread "Unconstrained build operations Thread 42" [_thread_blocked, id=20180, stack(0x00000015e8800000,0x00000015e8900000)]
  0x000001b9554a4230 JavaThread "Unconstrained build operations Thread 43" [_thread_blocked, id=708, stack(0x00000015e8900000,0x00000015e8a00000)]
  0x000001b9554a5570 JavaThread "Unconstrained build operations Thread 44" [_thread_blocked, id=22312, stack(0x00000015e8a00000,0x00000015e8b00000)]
  0x000001b9554a3d60 JavaThread "Unconstrained build operations Thread 45" [_thread_blocked, id=20964, stack(0x00000015e8b00000,0x00000015e8c00000)]
  0x000001b9554a7250 JavaThread "Unconstrained build operations Thread 46" [_thread_blocked, id=11204, stack(0x00000015e8c00000,0x00000015e8d00000)]
  0x000001b9554aac10 JavaThread "Unconstrained build operations Thread 47" [_thread_blocked, id=11788, stack(0x00000015e8d00000,0x00000015e8e00000)]
  0x000001b9554a9400 JavaThread "Unconstrained build operations Thread 48" [_thread_blocked, id=20744, stack(0x00000015e8e00000,0x00000015e8f00000)]
  0x000001b9554a7bf0 JavaThread "Unconstrained build operations Thread 49" [_thread_blocked, id=4440, stack(0x00000015e8f00000,0x00000015e9000000)]
  0x000001b9554a98d0 JavaThread "Unconstrained build operations Thread 50" [_thread_blocked, id=13348, stack(0x00000015e9000000,0x00000015e9100000)]
  0x000001b9554a4bd0 JavaThread "Unconstrained build operations Thread 51" [_thread_blocked, id=12028, stack(0x00000015e9100000,0x00000015e9200000)]
  0x000001b9554a68b0 JavaThread "Unconstrained build operations Thread 52" [_thread_blocked, id=20752, stack(0x00000015e9200000,0x00000015e9300000)]
  0x000001b9554a50a0 JavaThread "Unconstrained build operations Thread 53" [_thread_blocked, id=19812, stack(0x00000015e9300000,0x00000015e9400000)]
  0x000001b9554a5a40 JavaThread "Unconstrained build operations Thread 54" [_thread_blocked, id=13860, stack(0x00000015e9400000,0x00000015e9500000)]
  0x000001b9554a80c0 JavaThread "Unconstrained build operations Thread 55" [_thread_blocked, id=13368, stack(0x00000015e9500000,0x00000015e9600000)]
  0x000001b9554a5f10 JavaThread "Unconstrained build operations Thread 56" [_thread_blocked, id=15196, stack(0x00000015e9600000,0x00000015e9700000)]
  0x000001b9554a8590 JavaThread "Unconstrained build operations Thread 57" [_thread_blocked, id=22008, stack(0x00000015e9700000,0x00000015e9800000)]
  0x000001b9554a8a60 JavaThread "Unconstrained build operations Thread 58" [_thread_blocked, id=13484, stack(0x00000015e9800000,0x00000015e9900000)]
  0x000001b952e787b0 JavaThread "Unconstrained build operations Thread 59" [_thread_blocked, id=10384, stack(0x00000015e9900000,0x00000015e9a00000)]
  0x000001b952e77940 JavaThread "Unconstrained build operations Thread 60" [_thread_blocked, id=5816, stack(0x00000015e9a00000,0x00000015e9b00000)]
  0x000001b952e76130 JavaThread "Unconstrained build operations Thread 61" [_thread_blocked, id=14512, stack(0x00000015e9b00000,0x00000015e9c00000)]
  0x000001b952e76ad0 JavaThread "Unconstrained build operations Thread 62" [_thread_blocked, id=17932, stack(0x00000015e9c00000,0x00000015e9d00000)]
  0x000001b952e74920 JavaThread "Unconstrained build operations Thread 63" [_thread_blocked, id=19928, stack(0x00000015e9d00000,0x00000015e9e00000)]
  0x000001b952e76600 JavaThread "Unconstrained build operations Thread 64" [_thread_blocked, id=13196, stack(0x00000015e9e00000,0x00000015e9f00000)]
  0x000001b952e77e10 JavaThread "Unconstrained build operations Thread 65" [_thread_blocked, id=3668, stack(0x00000015e9f00000,0x00000015ea000000)]
  0x000001b952e7a490 JavaThread "Unconstrained build operations Thread 66" [_thread_blocked, id=15248, stack(0x00000015ea000000,0x00000015ea100000)]
  0x000001b952e73f80 JavaThread "Unconstrained build operations Thread 67" [_thread_blocked, id=15460, stack(0x00000015ea100000,0x00000015ea200000)]
  0x000001b952e76fa0 JavaThread "Unconstrained build operations Thread 68" [_thread_blocked, id=20424, stack(0x00000015ea200000,0x00000015ea300000)]
  0x000001b952e75c60 JavaThread "Unconstrained build operations Thread 69" [_thread_blocked, id=7948, stack(0x00000015ea300000,0x00000015ea400000)]
  0x000001b952e73110 JavaThread "Unconstrained build operations Thread 70" [_thread_blocked, id=19840, stack(0x00000015ea400000,0x00000015ea500000)]
  0x000001b952e77470 JavaThread "Unconstrained build operations Thread 71" [_thread_blocked, id=18188, stack(0x00000015ea500000,0x00000015ea600000)]
  0x000001b952e75790 JavaThread "Unconstrained build operations Thread 72" [_thread_blocked, id=4232, stack(0x00000015ea600000,0x00000015ea700000)]
  0x000001b952e78c80 JavaThread "Unconstrained build operations Thread 73" [_thread_blocked, id=4192, stack(0x00000015ea700000,0x00000015ea800000)]
  0x000001b952e79150 JavaThread "Unconstrained build operations Thread 74" [_thread_blocked, id=21820, stack(0x00000015ea800000,0x00000015ea900000)]
  0x000001b952e79620 JavaThread "Unconstrained build operations Thread 75" [_thread_blocked, id=7112, stack(0x00000015ea900000,0x00000015eaa00000)]
  0x000001b952e735e0 JavaThread "Unconstrained build operations Thread 76" [_thread_blocked, id=3676, stack(0x00000015eaa00000,0x00000015eab00000)]
  0x000001b952e79af0 JavaThread "Unconstrained build operations Thread 77" [_thread_blocked, id=21376, stack(0x00000015eab00000,0x00000015eac00000)]
  0x000001b952e79fc0 JavaThread "Unconstrained build operations Thread 78" [_thread_blocked, id=20900, stack(0x00000015eac00000,0x00000015ead00000)]
  0x000001b952e73ab0 JavaThread "Unconstrained build operations Thread 79" [_thread_blocked, id=21616, stack(0x00000015ead00000,0x00000015eae00000)]
  0x000001b952e74450 JavaThread "Unconstrained build operations Thread 80" [_thread_blocked, id=4664, stack(0x00000015eae00000,0x00000015eaf00000)]
  0x000001b952e74df0 JavaThread "Unconstrained build operations Thread 81" [_thread_blocked, id=17620, stack(0x00000015eaf00000,0x00000015eb000000)]
  0x000001b95478f5f0 JavaThread "Unconstrained build operations Thread 82" [_thread_blocked, id=4320, stack(0x00000015eb000000,0x00000015eb100000)]
  0x000001b954795630 JavaThread "Unconstrained build operations Thread 83" [_thread_blocked, id=4956, stack(0x00000015eb100000,0x00000015eb200000)]
  0x000001b954791c70 JavaThread "Unconstrained build operations Thread 84" [_thread_blocked, id=10840, stack(0x00000015eb200000,0x00000015eb300000)]
  0x000001b9547917a0 JavaThread "Unconstrained build operations Thread 85" [_thread_blocked, id=9584, stack(0x00000015eb300000,0x00000015eb400000)]
  0x000001b95478f120 JavaThread "Unconstrained build operations Thread 86" [_thread_blocked, id=13004, stack(0x00000015eb400000,0x00000015eb500000)]
  0x000001b954793950 JavaThread "Unconstrained build operations Thread 87" [_thread_blocked, id=6152, stack(0x00000015eb500000,0x00000015eb600000)]
  0x000001b95478fac0 JavaThread "Unconstrained build operations Thread 88" [_thread_blocked, id=5220, stack(0x00000015eb600000,0x00000015eb700000)]
  0x000001b954792fb0 JavaThread "Unconstrained build operations Thread 89" [_thread_blocked, id=6800, stack(0x00000015eb700000,0x00000015eb800000)]
  0x000001b954793480 JavaThread "Unconstrained build operations Thread 90" [_thread_blocked, id=8712, stack(0x00000015eb800000,0x00000015eb900000)]
  0x000001b9547912d0 JavaThread "Unconstrained build operations Thread 91" [_thread_blocked, id=3400, stack(0x00000015eb900000,0x00000015eba00000)]
  0x000001b9547947c0 JavaThread "Unconstrained build operations Thread 92" [_thread_blocked, id=14292, stack(0x00000015eba00000,0x00000015ebb00000)]
  0x000001b954792140 JavaThread "Unconstrained build operations Thread 93" [_thread_blocked, id=3016, stack(0x00000015ebb00000,0x00000015ebc00000)]
  0x000001b954792ae0 JavaThread "Unconstrained build operations Thread 94" [_thread_blocked, id=1868, stack(0x00000015ebc00000,0x00000015ebd00000)]
  0x000001b95478ff90 JavaThread "Unconstrained build operations Thread 95" [_thread_blocked, id=16668, stack(0x00000015ebd00000,0x00000015ebe00000)]
  0x000001b954790460 JavaThread "Unconstrained build operations Thread 96" [_thread_blocked, id=17604, stack(0x00000015ebe00000,0x00000015ebf00000)]
  0x000001b954793e20 JavaThread "Unconstrained build operations Thread 97" [_thread_blocked, id=18288, stack(0x00000015ebf00000,0x00000015ec000000)]
  0x000001b954792610 JavaThread "Unconstrained build operations Thread 98" [_thread_blocked, id=11116, stack(0x00000015ec000000,0x00000015ec100000)]
  0x000001b954794c90 JavaThread "Unconstrained build operations Thread 99" [_thread_blocked, id=15696, stack(0x00000015ec100000,0x00000015ec200000)]
  0x000001b9547942f0 JavaThread "Unconstrained build operations Thread 100" [_thread_blocked, id=4700, stack(0x00000015ec200000,0x00000015ec300000)]
  0x000001b95478e780 JavaThread "Unconstrained build operations Thread 101" [_thread_blocked, id=19096, stack(0x00000015ec300000,0x00000015ec400000)]
  0x000001b954795160 JavaThread "Unconstrained build operations Thread 102" [_thread_blocked, id=10884, stack(0x00000015ec400000,0x00000015ec500000)]
  0x000001b954795b00 JavaThread "Unconstrained build operations Thread 103" [_thread_blocked, id=18668, stack(0x00000015ec500000,0x00000015ec600000)]
  0x000001b95478e2b0 JavaThread "Unconstrained build operations Thread 104" [_thread_blocked, id=10136, stack(0x00000015ec600000,0x00000015ec700000)]
  0x000001b956498870 JavaThread "Unconstrained build operations Thread 105" [_thread_blocked, id=6684, stack(0x00000015ec700000,0x00000015ec800000)]
  0x000001b956499210 JavaThread "Unconstrained build operations Thread 106" [_thread_blocked, id=4016, stack(0x00000015ec800000,0x00000015ec900000)]

Other Threads:
  0x000001b938c24c40 VMThread "VM Thread" [stack: 0x00000015e1b00000,0x00000015e1c00000] [id=5428]
  0x000001b95227d360 WatcherThread [stack: 0x00000015e2700000,0x00000015e2800000] [id=10992]
  0x000001b91ded67f0 GCTaskThread "GC Thread#0" [stack: 0x00000015e1600000,0x00000015e1700000] [id=11476]
  0x000001b95253abe0 GCTaskThread "GC Thread#1" [stack: 0x00000015e2a00000,0x00000015e2b00000] [id=15132]
  0x000001b9529b5be0 GCTaskThread "GC Thread#2" [stack: 0x00000015e2b00000,0x00000015e2c00000] [id=16428]
  0x000001b952603720 GCTaskThread "GC Thread#3" [stack: 0x00000015e2c00000,0x00000015e2d00000] [id=16516]
  0x000001b9526039d0 GCTaskThread "GC Thread#4" [stack: 0x00000015e2d00000,0x00000015e2e00000] [id=5244]
  0x000001b952603c80 GCTaskThread "GC Thread#5" [stack: 0x00000015e2e00000,0x00000015e2f00000] [id=22104]
  0x000001b953ddde70 GCTaskThread "GC Thread#6" [stack: 0x00000015e3f00000,0x00000015e4000000] [id=1980]
  0x000001b953dde3d0 GCTaskThread "GC Thread#7" [stack: 0x00000015e4000000,0x00000015e4100000] [id=22156]
  0x000001b953ddf950 GCTaskThread "GC Thread#8" [stack: 0x00000015e4100000,0x00000015e4200000] [id=12948]
  0x000001b953dde120 GCTaskThread "GC Thread#9" [stack: 0x00000015e4200000,0x00000015e4300000] [id=1728]
  0x000001b91dedb630 ConcurrentGCThread "G1 Main Marker" [stack: 0x00000015e1700000,0x00000015e1800000] [id=4172]
  0x000001b91dedc6e0 ConcurrentGCThread "G1 Conc#0" [stack: 0x00000015e1800000,0x00000015e1900000] [id=13532]
  0x000001b953dde680 ConcurrentGCThread "G1 Conc#1" [stack: 0x00000015e4300000,0x00000015e4400000] [id=12312]
  0x000001b953dde930 ConcurrentGCThread "G1 Conc#2" [stack: 0x00000015e4400000,0x00000015e4500000] [id=20612]
  0x000001b938aea5b0 ConcurrentGCThread "G1 Refine#0" [stack: 0x00000015e1900000,0x00000015e1a00000] [id=15092]
  0x000001b957eff730 ConcurrentGCThread "G1 Refine#1" [stack: 0x00000015e7700000,0x00000015e7800000] [id=11696]
  0x000001b957f00590 ConcurrentGCThread "G1 Refine#2" [stack: 0x00000015ecd00000,0x00000015ece00000] [id=4424]
  0x000001b957f019b0 ConcurrentGCThread "G1 Refine#3" [stack: 0x00000015ece00000,0x00000015ecf00000] [id=17036]
  0x000001b938aeaed0 ConcurrentGCThread "G1 Service" [stack: 0x00000015e1a00000,0x00000015e1b00000] [id=4668]

Threads with active compile tasks:
C2 CompilerThread0   339241 16312       4       org.gradle.internal.resource.local.GroupedAndNamedUniqueFileStore::toPath (61 bytes)
C2 CompilerThread1   339241 16320       4       io.spring.gradle.dependencymanagement.org.apache.maven.model.validation.DefaultModelValidator::validate20RawPlugins (493 bytes)

VM state: not at safepoint (normal execution)

VM Mutex/Monitor currently owned by a thread: None

Heap address: 0x00000000e0000000, size: 512 MB, Compressed Oops mode: 32-bit

CDS archive(s) mapped at: [0x000001b939000000-0x000001b939bd0000-0x000001b939bd0000), size 12386304, SharedBaseAddress: 0x000001b939000000, ArchiveRelocationMode: 1.
Compressed class space mapped at: 0x000001b93a000000-0x000001b94e000000, reserved size: 335544320
Narrow klass base: 0x000001b939000000, Narrow klass shift: 0, Narrow klass range: 0x100000000

GC Precious Log:
 CPUs: 12 total, 12 available
 Memory: 15724M
 Large Page Support: Disabled
 NUMA Support: Disabled
 Compressed Oops: Enabled (32-bit)
 Heap Region Size: 1M
 Heap Min Capacity: 256M
 Heap Initial Capacity: 256M
 Heap Max Capacity: 512M
 Pre-touch: Disabled
 Parallel Workers: 10
 Concurrent Workers: 3
 Concurrent Refinement Workers: 10
 Periodic GC: Disabled

Heap:
 garbage-first heap   total 262144K, used 102529K [0x00000000e0000000, 0x0000000100000000)
  region size 1024K, 29 young (29696K), 9 survivors (9216K)
 Metaspace       used 73045K, committed 73920K, reserved 393216K
  class space    used 9791K, committed 10240K, reserved 327680K

Heap Regions: E=young(eden), S=young(survivor), O=old, HS=humongous(starts), HC=humongous(continues), CS=collection set, F=free, OA=open archive, CA=closed archive, TAMS=top-at-mark-start (previous, next)
|   0|0x00000000e0000000, 0x00000000e0100000, 0x00000000e0100000|100%| O|  |TAMS 0x00000000e0100000, 0x00000000e0000000| Untracked 
|   1|0x00000000e0100000, 0x00000000e0200000, 0x00000000e0200000|100%|HS|  |TAMS 0x00000000e0200000, 0x00000000e0100000| Complete 
|   2|0x00000000e0200000, 0x00000000e0300000, 0x00000000e0300000|100%|HC|  |TAMS 0x00000000e0300000, 0x00000000e0200000| Complete 
|   3|0x00000000e0300000, 0x00000000e0400000, 0x00000000e0400000|100%|HC|  |TAMS 0x00000000e0400000, 0x00000000e0300000| Complete 
|   4|0x00000000e0400000, 0x00000000e0500000, 0x00000000e0500000|100%| O|  |TAMS 0x00000000e0500000, 0x00000000e0400000| Untracked 
|   5|0x00000000e0500000, 0x00000000e0600000, 0x00000000e0600000|100%| O|  |TAMS 0x00000000e0600000, 0x00000000e0500000| Untracked 
|   6|0x00000000e0600000, 0x00000000e0700000, 0x00000000e0700000|100%| O|  |TAMS 0x00000000e0700000, 0x00000000e0600000| Untracked 
|   7|0x00000000e0700000, 0x00000000e0800000, 0x00000000e0800000|100%|HS|  |TAMS 0x00000000e0800000, 0x00000000e0700000| Complete 
|   8|0x00000000e0800000, 0x00000000e0900000, 0x00000000e0900000|100%| O|  |TAMS 0x00000000e0900000, 0x00000000e0800000| Untracked 
|   9|0x00000000e0900000, 0x00000000e0a00000, 0x00000000e0a00000|100%| O|  |TAMS 0x00000000e0a00000, 0x00000000e0900000| Untracked 
|  10|0x00000000e0a00000, 0x00000000e0b00000, 0x00000000e0b00000|100%| O|  |TAMS 0x00000000e0b00000, 0x00000000e0a00000| Untracked 
|  11|0x00000000e0b00000, 0x00000000e0c00000, 0x00000000e0c00000|100%| O|  |TAMS 0x00000000e0c00000, 0x00000000e0b00000| Untracked 
|  12|0x00000000e0c00000, 0x00000000e0d00000, 0x00000000e0d00000|100%| O|  |TAMS 0x00000000e0d00000, 0x00000000e0c00000| Untracked 
|  13|0x00000000e0d00000, 0x00000000e0e00000, 0x00000000e0e00000|100%| O|  |TAMS 0x00000000e0e00000, 0x00000000e0d00000| Untracked 
|  14|0x00000000e0e00000, 0x00000000e0f00000, 0x00000000e0f00000|100%| O|  |TAMS 0x00000000e0f00000, 0x00000000e0e00000| Untracked 
|  15|0x00000000e0f00000, 0x00000000e1000000, 0x00000000e1000000|100%| O|  |TAMS 0x00000000e1000000, 0x00000000e0f00000| Untracked 
|  16|0x00000000e1000000, 0x00000000e1100000, 0x00000000e1100000|100%| O|  |TAMS 0x00000000e1100000, 0x00000000e1000000| Untracked 
|  17|0x00000000e1100000, 0x00000000e1200000, 0x00000000e1200000|100%| O|  |TAMS 0x00000000e1200000, 0x00000000e1100000| Untracked 
|  18|0x00000000e1200000, 0x00000000e1300000, 0x00000000e1300000|100%| O|  |TAMS 0x00000000e1300000, 0x00000000e1200000| Untracked 
|  19|0x00000000e1300000, 0x00000000e1400000, 0x00000000e1400000|100%| O|  |TAMS 0x00000000e1400000, 0x00000000e1300000| Untracked 
|  20|0x00000000e1400000, 0x00000000e1500000, 0x00000000e1500000|100%| O|  |TAMS 0x00000000e1500000, 0x00000000e1400000| Untracked 
|  21|0x00000000e1500000, 0x00000000e1600000, 0x00000000e1600000|100%| O|  |TAMS 0x00000000e1600000, 0x00000000e1500000| Untracked 
|  22|0x00000000e1600000, 0x00000000e1700000, 0x00000000e1700000|100%| O|  |TAMS 0x00000000e1700000, 0x00000000e1600000| Untracked 
|  23|0x00000000e1700000, 0x00000000e1800000, 0x00000000e1800000|100%| O|  |TAMS 0x00000000e1800000, 0x00000000e1700000| Untracked 
|  24|0x00000000e1800000, 0x00000000e1900000, 0x00000000e1900000|100%| O|  |TAMS 0x00000000e1900000, 0x00000000e1800000| Untracked 
|  25|0x00000000e1900000, 0x00000000e1a00000, 0x00000000e1a00000|100%| O|  |TAMS 0x00000000e1a00000, 0x00000000e1900000| Untracked 
|  26|0x00000000e1a00000, 0x00000000e1b00000, 0x00000000e1b00000|100%| O|  |TAMS 0x00000000e1b00000, 0x00000000e1a00000| Untracked 
|  27|0x00000000e1b00000, 0x00000000e1c00000, 0x00000000e1c00000|100%| O|  |TAMS 0x00000000e1c00000, 0x00000000e1b00000| Untracked 
|  28|0x00000000e1c00000, 0x00000000e1d00000, 0x00000000e1d00000|100%| O|  |TAMS 0x00000000e1d00000, 0x00000000e1c00000| Untracked 
|  29|0x00000000e1d00000, 0x00000000e1e00000, 0x00000000e1e00000|100%| O|  |TAMS 0x00000000e1e00000, 0x00000000e1d00000| Untracked 
|  30|0x00000000e1e00000, 0x00000000e1f00000, 0x00000000e1f00000|100%| O|  |TAMS 0x00000000e1f00000, 0x00000000e1e00000| Untracked 
|  31|0x00000000e1f00000, 0x00000000e2000000, 0x00000000e2000000|100%| O|  |TAMS 0x00000000e2000000, 0x00000000e1f00000| Untracked 
|  32|0x00000000e2000000, 0x00000000e2100000, 0x00000000e2100000|100%| O|  |TAMS 0x00000000e2100000, 0x00000000e2000000| Untracked 
|  33|0x00000000e2100000, 0x00000000e2200000, 0x00000000e2200000|100%| O|  |TAMS 0x00000000e2200000, 0x00000000e2100000| Untracked 
|  34|0x00000000e2200000, 0x00000000e2300000, 0x00000000e2300000|100%| O|  |TAMS 0x00000000e2300000, 0x00000000e2200000| Untracked 
|  35|0x00000000e2300000, 0x00000000e2400000, 0x00000000e2400000|100%| O|  |TAMS 0x00000000e2400000, 0x00000000e2300000| Untracked 
|  36|0x00000000e2400000, 0x00000000e2500000, 0x00000000e2500000|100%| O|  |TAMS 0x00000000e2500000, 0x00000000e2400000| Untracked 
|  37|0x00000000e2500000, 0x00000000e2600000, 0x00000000e2600000|100%| O|  |TAMS 0x00000000e2600000, 0x00000000e2500000| Untracked 
|  38|0x00000000e2600000, 0x00000000e2700000, 0x00000000e2700000|100%| O|  |TAMS 0x00000000e2700000, 0x00000000e2600000| Untracked 
|  39|0x00000000e2700000, 0x00000000e2800000, 0x00000000e2800000|100%| O|  |TAMS 0x00000000e2800000, 0x00000000e2700000| Untracked 
|  40|0x00000000e2800000, 0x00000000e2900000, 0x00000000e2900000|100%| O|  |TAMS 0x00000000e2900000, 0x00000000e2800000| Untracked 
|  41|0x00000000e2900000, 0x00000000e2a00000, 0x00000000e2a00000|100%| O|  |TAMS 0x00000000e2a00000, 0x00000000e2900000| Untracked 
|  42|0x00000000e2a00000, 0x00000000e2b00000, 0x00000000e2b00000|100%| O|  |TAMS 0x00000000e2b00000, 0x00000000e2a00000| Untracked 
|  43|0x00000000e2b00000, 0x00000000e2c00000, 0x00000000e2c00000|100%| O|  |TAMS 0x00000000e2c00000, 0x00000000e2b00000| Untracked 
|  44|0x00000000e2c00000, 0x00000000e2d00000, 0x00000000e2d00000|100%| O|  |TAMS 0x00000000e2d00000, 0x00000000e2c00000| Untracked 
|  45|0x00000000e2d00000, 0x00000000e2e00000, 0x00000000e2e00000|100%| O|  |TAMS 0x00000000e2e00000, 0x00000000e2d00000| Untracked 
|  46|0x00000000e2e00000, 0x00000000e2f00000, 0x00000000e2f00000|100%| O|  |TAMS 0x00000000e2f00000, 0x00000000e2e00000| Untracked 
|  47|0x00000000e2f00000, 0x00000000e3000000, 0x00000000e3000000|100%| O|  |TAMS 0x00000000e3000000, 0x00000000e2f00000| Untracked 
|  48|0x00000000e3000000, 0x00000000e3100000, 0x00000000e3100000|100%| O|  |TAMS 0x00000000e3100000, 0x00000000e3000000| Untracked 
|  49|0x00000000e3100000, 0x00000000e3200000, 0x00000000e3200000|100%| O|  |TAMS 0x00000000e3200000, 0x00000000e3100000| Untracked 
|  50|0x00000000e3200000, 0x00000000e3300000, 0x00000000e3300000|100%| O|  |TAMS 0x00000000e3300000, 0x00000000e3200000| Untracked 
|  51|0x00000000e3300000, 0x00000000e3400000, 0x00000000e3400000|100%| O|  |TAMS 0x00000000e3400000, 0x00000000e3300000| Untracked 
|  52|0x00000000e3400000, 0x00000000e3500000, 0x00000000e3500000|100%| O|  |TAMS 0x00000000e3500000, 0x00000000e3400000| Untracked 
|  53|0x00000000e3500000, 0x00000000e3600000, 0x00000000e3600000|100%| O|  |TAMS 0x00000000e3600000, 0x00000000e3500000| Untracked 
|  54|0x00000000e3600000, 0x00000000e3700000, 0x00000000e3700000|100%| O|  |TAMS 0x00000000e3700000, 0x00000000e3600000| Untracked 
|  55|0x00000000e3700000, 0x00000000e3800000, 0x00000000e3800000|100%| O|  |TAMS 0x00000000e3800000, 0x00000000e3700000| Untracked 
|  56|0x00000000e3800000, 0x00000000e3900000, 0x00000000e3900000|100%| O|  |TAMS 0x00000000e3900000, 0x00000000e3800000| Untracked 
|  57|0x00000000e3900000, 0x00000000e3a00000, 0x00000000e3a00000|100%| O|  |TAMS 0x00000000e3a00000, 0x00000000e3900000| Untracked 
|  58|0x00000000e3a00000, 0x00000000e3b00000, 0x00000000e3b00000|100%| O|  |TAMS 0x00000000e3b00000, 0x00000000e3a00000| Untracked 
|  59|0x00000000e3b00000, 0x00000000e3c00000, 0x00000000e3c00000|100%| O|  |TAMS 0x00000000e3c00000, 0x00000000e3b00000| Untracked 
|  60|0x00000000e3c00000, 0x00000000e3d00000, 0x00000000e3d00000|100%| O|  |TAMS 0x00000000e3d00000, 0x00000000e3c00000| Untracked 
|  61|0x00000000e3d00000, 0x00000000e3e00000, 0x00000000e3e00000|100%| O|  |TAMS 0x00000000e3d00000, 0x00000000e3d00000| Untracked 
|  62|0x00000000e3e00000, 0x00000000e3f00000, 0x00000000e3f00000|100%| O|  |TAMS 0x00000000e3e41000, 0x00000000e3e00000| Untracked 
|  63|0x00000000e3f00000, 0x00000000e4000000, 0x00000000e4000000|100%| O|  |TAMS 0x00000000e3f00000, 0x00000000e3f00000| Untracked 
|  64|0x00000000e4000000, 0x00000000e4100000, 0x00000000e4100000|100%| O|  |TAMS 0x00000000e4000000, 0x00000000e4000000| Untracked 
|  65|0x00000000e4100000, 0x00000000e4200000, 0x00000000e4200000|100%| O|  |TAMS 0x00000000e4100000, 0x00000000e4100000| Untracked 
|  66|0x00000000e4200000, 0x00000000e4300000, 0x00000000e4300000|100%| O|  |TAMS 0x00000000e4200000, 0x00000000e4200000| Untracked 
|  67|0x00000000e4300000, 0x00000000e4400000, 0x00000000e4400000|100%| O|  |TAMS 0x00000000e4300000, 0x00000000e4300000| Untracked 
|  68|0x00000000e4400000, 0x00000000e4500000, 0x00000000e4500000|100%| O|  |TAMS 0x00000000e4400000, 0x00000000e4400000| Untracked 
|  69|0x00000000e4500000, 0x00000000e4600000, 0x00000000e4600000|100%| O|  |TAMS 0x00000000e4500000, 0x00000000e4500000| Untracked 
|  70|0x00000000e4600000, 0x00000000e4700000, 0x00000000e4700000|100%| O|  |TAMS 0x00000000e4600000, 0x00000000e4600000| Untracked 
|  71|0x00000000e4700000, 0x00000000e4800000, 0x00000000e4800000|100%| O|  |TAMS 0x00000000e4700000, 0x00000000e4700000| Untracked 
|  72|0x00000000e4800000, 0x00000000e4800000, 0x00000000e4900000|  0%| F|  |TAMS 0x00000000e4800000, 0x00000000e4800000| Untracked 
|  73|0x00000000e4900000, 0x00000000e494a400, 0x00000000e4a00000| 29%| O|  |TAMS 0x00000000e4900000, 0x00000000e4900000| Untracked 
|  74|0x00000000e4a00000, 0x00000000e4a00000, 0x00000000e4b00000|  0%| F|  |TAMS 0x00000000e4a00000, 0x00000000e4a00000| Untracked 
|  75|0x00000000e4b00000, 0x00000000e4b00000, 0x00000000e4c00000|  0%| F|  |TAMS 0x00000000e4b00000, 0x00000000e4b00000| Untracked 
|  76|0x00000000e4c00000, 0x00000000e4c00000, 0x00000000e4d00000|  0%| F|  |TAMS 0x00000000e4c00000, 0x00000000e4c00000| Untracked 
|  77|0x00000000e4d00000, 0x00000000e4d00000, 0x00000000e4e00000|  0%| F|  |TAMS 0x00000000e4d00000, 0x00000000e4d00000| Untracked 
|  78|0x00000000e4e00000, 0x00000000e4e00000, 0x00000000e4f00000|  0%| F|  |TAMS 0x00000000e4e00000, 0x00000000e4e00000| Untracked 
|  79|0x00000000e4f00000, 0x00000000e4f00000, 0x00000000e5000000|  0%| F|  |TAMS 0x00000000e4f00000, 0x00000000e4f00000| Untracked 
|  80|0x00000000e5000000, 0x00000000e5000000, 0x00000000e5100000|  0%| F|  |TAMS 0x00000000e5000000, 0x00000000e5000000| Untracked 
|  81|0x00000000e5100000, 0x00000000e5100000, 0x00000000e5200000|  0%| F|  |TAMS 0x00000000e5100000, 0x00000000e5100000| Untracked 
|  82|0x00000000e5200000, 0x00000000e5200000, 0x00000000e5300000|  0%| F|  |TAMS 0x00000000e5200000, 0x00000000e5200000| Untracked 
|  83|0x00000000e5300000, 0x00000000e5300000, 0x00000000e5400000|  0%| F|  |TAMS 0x00000000e5300000, 0x00000000e5300000| Untracked 
|  84|0x00000000e5400000, 0x00000000e5400000, 0x00000000e5500000|  0%| F|  |TAMS 0x00000000e5400000, 0x00000000e5400000| Untracked 
|  85|0x00000000e5500000, 0x00000000e5500000, 0x00000000e5600000|  0%| F|  |TAMS 0x00000000e5500000, 0x00000000e5500000| Untracked 
|  86|0x00000000e5600000, 0x00000000e5600000, 0x00000000e5700000|  0%| F|  |TAMS 0x00000000e5600000, 0x00000000e5600000| Untracked 
|  87|0x00000000e5700000, 0x00000000e5700000, 0x00000000e5800000|  0%| F|  |TAMS 0x00000000e5700000, 0x00000000e5700000| Untracked 
|  88|0x00000000e5800000, 0x00000000e5800000, 0x00000000e5900000|  0%| F|  |TAMS 0x00000000e5800000, 0x00000000e5800000| Untracked 
|  89|0x00000000e5900000, 0x00000000e5900000, 0x00000000e5a00000|  0%| F|  |TAMS 0x00000000e5900000, 0x00000000e5900000| Untracked 
|  90|0x00000000e5a00000, 0x00000000e5a00000, 0x00000000e5b00000|  0%| F|  |TAMS 0x00000000e5a00000, 0x00000000e5a00000| Untracked 
|  91|0x00000000e5b00000, 0x00000000e5b00000, 0x00000000e5c00000|  0%| F|  |TAMS 0x00000000e5b00000, 0x00000000e5b00000| Untracked 
|  92|0x00000000e5c00000, 0x00000000e5c00000, 0x00000000e5d00000|  0%| F|  |TAMS 0x00000000e5c00000, 0x00000000e5c00000| Untracked 
|  93|0x00000000e5d00000, 0x00000000e5d00000, 0x00000000e5e00000|  0%| F|  |TAMS 0x00000000e5d00000, 0x00000000e5d00000| Untracked 
|  94|0x00000000e5e00000, 0x00000000e5e00000, 0x00000000e5f00000|  0%| F|  |TAMS 0x00000000e5e00000, 0x00000000e5e00000| Untracked 
|  95|0x00000000e5f00000, 0x00000000e5f00000, 0x00000000e6000000|  0%| F|  |TAMS 0x00000000e5f00000, 0x00000000e5f00000| Untracked 
|  96|0x00000000e6000000, 0x00000000e6000000, 0x00000000e6100000|  0%| F|  |TAMS 0x00000000e6000000, 0x00000000e6000000| Untracked 
|  97|0x00000000e6100000, 0x00000000e6100000, 0x00000000e6200000|  0%| F|  |TAMS 0x00000000e6100000, 0x00000000e6100000| Untracked 
|  98|0x00000000e6200000, 0x00000000e6200000, 0x00000000e6300000|  0%| F|  |TAMS 0x00000000e6200000, 0x00000000e6200000| Untracked 
|  99|0x00000000e6300000, 0x00000000e6300000, 0x00000000e6400000|  0%| F|  |TAMS 0x00000000e6300000, 0x00000000e6300000| Untracked 
| 100|0x00000000e6400000, 0x00000000e6400000, 0x00000000e6500000|  0%| F|  |TAMS 0x00000000e6400000, 0x00000000e6400000| Untracked 
| 101|0x00000000e6500000, 0x00000000e6500000, 0x00000000e6600000|  0%| F|  |TAMS 0x00000000e6500000, 0x00000000e6500000| Untracked 
| 102|0x00000000e6600000, 0x00000000e6600000, 0x00000000e6700000|  0%| F|  |TAMS 0x00000000e6600000, 0x00000000e6600000| Untracked 
| 103|0x00000000e6700000, 0x00000000e6700000, 0x00000000e6800000|  0%| F|  |TAMS 0x00000000e6700000, 0x00000000e6700000| Untracked 
| 104|0x00000000e6800000, 0x00000000e6800000, 0x00000000e6900000|  0%| F|  |TAMS 0x00000000e6800000, 0x00000000e6800000| Untracked 
| 105|0x00000000e6900000, 0x00000000e6900000, 0x00000000e6a00000|  0%| F|  |TAMS 0x00000000e6900000, 0x00000000e6900000| Untracked 
| 106|0x00000000e6a00000, 0x00000000e6a00000, 0x00000000e6b00000|  0%| F|  |TAMS 0x00000000e6a00000, 0x00000000e6a00000| Untracked 
| 107|0x00000000e6b00000, 0x00000000e6b00000, 0x00000000e6c00000|  0%| F|  |TAMS 0x00000000e6b00000, 0x00000000e6b00000| Untracked 
| 108|0x00000000e6c00000, 0x00000000e6c00000, 0x00000000e6d00000|  0%| F|  |TAMS 0x00000000e6c00000, 0x00000000e6c00000| Untracked 
| 109|0x00000000e6d00000, 0x00000000e6d00000, 0x00000000e6e00000|  0%| F|  |TAMS 0x00000000e6d00000, 0x00000000e6d00000| Untracked 
| 110|0x00000000e6e00000, 0x00000000e6e00000, 0x00000000e6f00000|  0%| F|  |TAMS 0x00000000e6e00000, 0x00000000e6e00000| Untracked 
| 111|0x00000000e6f00000, 0x00000000e6f00000, 0x00000000e7000000|  0%| F|  |TAMS 0x00000000e6f00000, 0x00000000e6f00000| Untracked 
| 112|0x00000000e7000000, 0x00000000e70d6360, 0x00000000e7100000| 83%| S|CS|TAMS 0x00000000e7000000, 0x00000000e7000000| Complete 
| 113|0x00000000e7100000, 0x00000000e7200000, 0x00000000e7200000|100%| S|CS|TAMS 0x00000000e7100000, 0x00000000e7100000| Complete 
| 114|0x00000000e7200000, 0x00000000e7300000, 0x00000000e7300000|100%| S|CS|TAMS 0x00000000e7200000, 0x00000000e7200000| Complete 
| 115|0x00000000e7300000, 0x00000000e7300000, 0x00000000e7400000|  0%| F|  |TAMS 0x00000000e7300000, 0x00000000e7300000| Untracked 
| 116|0x00000000e7400000, 0x00000000e7400000, 0x00000000e7500000|  0%| F|  |TAMS 0x00000000e7400000, 0x00000000e7400000| Untracked 
| 117|0x00000000e7500000, 0x00000000e7500000, 0x00000000e7600000|  0%| F|  |TAMS 0x00000000e7500000, 0x00000000e7500000| Untracked 
| 118|0x00000000e7600000, 0x00000000e7600000, 0x00000000e7700000|  0%| F|  |TAMS 0x00000000e7600000, 0x00000000e7600000| Untracked 
| 119|0x00000000e7700000, 0x00000000e7800000, 0x00000000e7800000|100%| S|CS|TAMS 0x00000000e7700000, 0x00000000e7700000| Complete 
| 120|0x00000000e7800000, 0x00000000e7900000, 0x00000000e7900000|100%| S|CS|TAMS 0x00000000e7800000, 0x00000000e7800000| Complete 
| 121|0x00000000e7900000, 0x00000000e7a00000, 0x00000000e7a00000|100%| S|CS|TAMS 0x00000000e7900000, 0x00000000e7900000| Complete 
| 122|0x00000000e7a00000, 0x00000000e7b00000, 0x00000000e7b00000|100%| S|CS|TAMS 0x00000000e7a00000, 0x00000000e7a00000| Complete 
| 123|0x00000000e7b00000, 0x00000000e7c00000, 0x00000000e7c00000|100%| S|CS|TAMS 0x00000000e7b00000, 0x00000000e7b00000| Complete 
| 124|0x00000000e7c00000, 0x00000000e7c00000, 0x00000000e7d00000|  0%| F|  |TAMS 0x00000000e7c00000, 0x00000000e7c00000| Untracked 
| 125|0x00000000e7d00000, 0x00000000e7d00000, 0x00000000e7e00000|  0%| F|  |TAMS 0x00000000e7d00000, 0x00000000e7d00000| Untracked 
| 126|0x00000000e7e00000, 0x00000000e7e00000, 0x00000000e7f00000|  0%| F|  |TAMS 0x00000000e7e00000, 0x00000000e7e00000| Untracked 
| 127|0x00000000e7f00000, 0x00000000e8000000, 0x00000000e8000000|100%| S|CS|TAMS 0x00000000e7f00000, 0x00000000e7f00000| Complete 
| 128|0x00000000e8000000, 0x00000000e8000000, 0x00000000e8100000|  0%| F|  |TAMS 0x00000000e8000000, 0x00000000e8000000| Untracked 
| 129|0x00000000e8100000, 0x00000000e8100000, 0x00000000e8200000|  0%| F|  |TAMS 0x00000000e8100000, 0x00000000e8100000| Untracked 
| 130|0x00000000e8200000, 0x00000000e8200000, 0x00000000e8300000|  0%| F|  |TAMS 0x00000000e8200000, 0x00000000e8200000| Untracked 
| 131|0x00000000e8300000, 0x00000000e8300000, 0x00000000e8400000|  0%| F|  |TAMS 0x00000000e8300000, 0x00000000e8300000| Untracked 
| 132|0x00000000e8400000, 0x00000000e8400000, 0x00000000e8500000|  0%| F|  |TAMS 0x00000000e8400000, 0x00000000e8400000| Untracked 
| 133|0x00000000e8500000, 0x00000000e8500000, 0x00000000e8600000|  0%| F|  |TAMS 0x00000000e8500000, 0x00000000e8500000| Untracked 
| 134|0x00000000e8600000, 0x00000000e8600000, 0x00000000e8700000|  0%| F|  |TAMS 0x00000000e8600000, 0x00000000e8600000| Untracked 
| 135|0x00000000e8700000, 0x00000000e8700000, 0x00000000e8800000|  0%| F|  |TAMS 0x00000000e8700000, 0x00000000e8700000| Untracked 
| 136|0x00000000e8800000, 0x00000000e8800000, 0x00000000e8900000|  0%| F|  |TAMS 0x00000000e8800000, 0x00000000e8800000| Untracked 
| 137|0x00000000e8900000, 0x00000000e8900000, 0x00000000e8a00000|  0%| F|  |TAMS 0x00000000e8900000, 0x00000000e8900000| Untracked 
| 138|0x00000000e8a00000, 0x00000000e8a00000, 0x00000000e8b00000|  0%| F|  |TAMS 0x00000000e8a00000, 0x00000000e8a00000| Untracked 
| 139|0x00000000e8b00000, 0x00000000e8b00000, 0x00000000e8c00000|  0%| F|  |TAMS 0x00000000e8b00000, 0x00000000e8b00000| Untracked 
| 140|0x00000000e8c00000, 0x00000000e8c00000, 0x00000000e8d00000|  0%| F|  |TAMS 0x00000000e8c00000, 0x00000000e8c00000| Untracked 
| 141|0x00000000e8d00000, 0x00000000e8d00000, 0x00000000e8e00000|  0%| F|  |TAMS 0x00000000e8d00000, 0x00000000e8d00000| Untracked 
| 142|0x00000000e8e00000, 0x00000000e8e00000, 0x00000000e8f00000|  0%| F|  |TAMS 0x00000000e8e00000, 0x00000000e8e00000| Untracked 
| 143|0x00000000e8f00000, 0x00000000e8f00000, 0x00000000e9000000|  0%| F|  |TAMS 0x00000000e8f00000, 0x00000000e8f00000| Untracked 
| 144|0x00000000e9000000, 0x00000000e9000000, 0x00000000e9100000|  0%| F|  |TAMS 0x00000000e9000000, 0x00000000e9000000| Untracked 
| 145|0x00000000e9100000, 0x00000000e9100000, 0x00000000e9200000|  0%| F|  |TAMS 0x00000000e9100000, 0x00000000e9100000| Untracked 
| 146|0x00000000e9200000, 0x00000000e9200000, 0x00000000e9300000|  0%| F|  |TAMS 0x00000000e9200000, 0x00000000e9200000| Untracked 
| 147|0x00000000e9300000, 0x00000000e9300000, 0x00000000e9400000|  0%| F|  |TAMS 0x00000000e9300000, 0x00000000e9300000| Untracked 
| 148|0x00000000e9400000, 0x00000000e9400000, 0x00000000e9500000|  0%| F|  |TAMS 0x00000000e9400000, 0x00000000e9400000| Untracked 
| 149|0x00000000e9500000, 0x00000000e9500000, 0x00000000e9600000|  0%| F|  |TAMS 0x00000000e9500000, 0x00000000e9500000| Untracked 
| 150|0x00000000e9600000, 0x00000000e9600000, 0x00000000e9700000|  0%| F|  |TAMS 0x00000000e9600000, 0x00000000e9600000| Untracked 
| 151|0x00000000e9700000, 0x00000000e9700000, 0x00000000e9800000|  0%| F|  |TAMS 0x00000000e9700000, 0x00000000e9700000| Untracked 
| 152|0x00000000e9800000, 0x00000000e9800000, 0x00000000e9900000|  0%| F|  |TAMS 0x00000000e9800000, 0x00000000e9800000| Untracked 
| 153|0x00000000e9900000, 0x00000000e9900000, 0x00000000e9a00000|  0%| F|  |TAMS 0x00000000e9900000, 0x00000000e9900000| Untracked 
| 154|0x00000000e9a00000, 0x00000000e9a00000, 0x00000000e9b00000|  0%| F|  |TAMS 0x00000000e9a00000, 0x00000000e9a00000| Untracked 
| 155|0x00000000e9b00000, 0x00000000e9b00000, 0x00000000e9c00000|  0%| F|  |TAMS 0x00000000e9b00000, 0x00000000e9b00000| Untracked 
| 156|0x00000000e9c00000, 0x00000000e9c00000, 0x00000000e9d00000|  0%| F|  |TAMS 0x00000000e9c00000, 0x00000000e9c00000| Untracked 
| 157|0x00000000e9d00000, 0x00000000e9d00000, 0x00000000e9e00000|  0%| F|  |TAMS 0x00000000e9d00000, 0x00000000e9d00000| Untracked 
| 158|0x00000000e9e00000, 0x00000000e9e00000, 0x00000000e9f00000|  0%| F|  |TAMS 0x00000000e9e00000, 0x00000000e9e00000| Untracked 
| 159|0x00000000e9f00000, 0x00000000e9f00000, 0x00000000ea000000|  0%| F|  |TAMS 0x00000000e9f00000, 0x00000000e9f00000| Untracked 
| 160|0x00000000ea000000, 0x00000000ea000000, 0x00000000ea100000|  0%| F|  |TAMS 0x00000000ea000000, 0x00000000ea000000| Untracked 
| 161|0x00000000ea100000, 0x00000000ea100000, 0x00000000ea200000|  0%| F|  |TAMS 0x00000000ea100000, 0x00000000ea100000| Untracked 
| 162|0x00000000ea200000, 0x00000000ea200000, 0x00000000ea300000|  0%| F|  |TAMS 0x00000000ea200000, 0x00000000ea200000| Untracked 
| 163|0x00000000ea300000, 0x00000000ea300000, 0x00000000ea400000|  0%| F|  |TAMS 0x00000000ea300000, 0x00000000ea300000| Untracked 
| 164|0x00000000ea400000, 0x00000000ea400000, 0x00000000ea500000|  0%| F|  |TAMS 0x00000000ea400000, 0x00000000ea400000| Untracked 
| 165|0x00000000ea500000, 0x00000000ea500000, 0x00000000ea600000|  0%| F|  |TAMS 0x00000000ea500000, 0x00000000ea500000| Untracked 
| 166|0x00000000ea600000, 0x00000000ea600000, 0x00000000ea700000|  0%| F|  |TAMS 0x00000000ea600000, 0x00000000ea600000| Untracked 
| 167|0x00000000ea700000, 0x00000000ea700000, 0x00000000ea800000|  0%| F|  |TAMS 0x00000000ea700000, 0x00000000ea700000| Untracked 
| 168|0x00000000ea800000, 0x00000000ea800000, 0x00000000ea900000|  0%| F|  |TAMS 0x00000000ea800000, 0x00000000ea800000| Untracked 
| 169|0x00000000ea900000, 0x00000000ea900000, 0x00000000eaa00000|  0%| F|  |TAMS 0x00000000ea900000, 0x00000000ea900000| Untracked 
| 170|0x00000000eaa00000, 0x00000000eaa00000, 0x00000000eab00000|  0%| F|  |TAMS 0x00000000eaa00000, 0x00000000eaa00000| Untracked 
| 171|0x00000000eab00000, 0x00000000eab00000, 0x00000000eac00000|  0%| F|  |TAMS 0x00000000eab00000, 0x00000000eab00000| Untracked 
| 172|0x00000000eac00000, 0x00000000eac00000, 0x00000000ead00000|  0%| F|  |TAMS 0x00000000eac00000, 0x00000000eac00000| Untracked 
| 173|0x00000000ead00000, 0x00000000ead00000, 0x00000000eae00000|  0%| F|  |TAMS 0x00000000ead00000, 0x00000000ead00000| Untracked 
| 174|0x00000000eae00000, 0x00000000eae00000, 0x00000000eaf00000|  0%| F|  |TAMS 0x00000000eae00000, 0x00000000eae00000| Untracked 
| 175|0x00000000eaf00000, 0x00000000eaf00000, 0x00000000eb000000|  0%| F|  |TAMS 0x00000000eaf00000, 0x00000000eaf00000| Untracked 
| 176|0x00000000eb000000, 0x00000000eb000000, 0x00000000eb100000|  0%| F|  |TAMS 0x00000000eb000000, 0x00000000eb000000| Untracked 
| 177|0x00000000eb100000, 0x00000000eb100000, 0x00000000eb200000|  0%| F|  |TAMS 0x00000000eb100000, 0x00000000eb100000| Untracked 
| 178|0x00000000eb200000, 0x00000000eb200000, 0x00000000eb300000|  0%| F|  |TAMS 0x00000000eb200000, 0x00000000eb200000| Untracked 
| 179|0x00000000eb300000, 0x00000000eb300000, 0x00000000eb400000|  0%| F|  |TAMS 0x00000000eb300000, 0x00000000eb300000| Untracked 
| 180|0x00000000eb400000, 0x00000000eb400000, 0x00000000eb500000|  0%| F|  |TAMS 0x00000000eb400000, 0x00000000eb400000| Untracked 
| 181|0x00000000eb500000, 0x00000000eb500000, 0x00000000eb600000|  0%| F|  |TAMS 0x00000000eb500000, 0x00000000eb500000| Untracked 
| 182|0x00000000eb600000, 0x00000000eb600000, 0x00000000eb700000|  0%| F|  |TAMS 0x00000000eb600000, 0x00000000eb600000| Untracked 
| 183|0x00000000eb700000, 0x00000000eb700000, 0x00000000eb800000|  0%| F|  |TAMS 0x00000000eb700000, 0x00000000eb700000| Untracked 
| 184|0x00000000eb800000, 0x00000000eb800000, 0x00000000eb900000|  0%| F|  |TAMS 0x00000000eb800000, 0x00000000eb800000| Untracked 
| 185|0x00000000eb900000, 0x00000000eb900000, 0x00000000eba00000|  0%| F|  |TAMS 0x00000000eb900000, 0x00000000eb900000| Untracked 
| 186|0x00000000eba00000, 0x00000000eba00000, 0x00000000ebb00000|  0%| F|  |TAMS 0x00000000eba00000, 0x00000000eba00000| Untracked 
| 187|0x00000000ebb00000, 0x00000000ebb00000, 0x00000000ebc00000|  0%| F|  |TAMS 0x00000000ebb00000, 0x00000000ebb00000| Untracked 
| 188|0x00000000ebc00000, 0x00000000ebc00000, 0x00000000ebd00000|  0%| F|  |TAMS 0x00000000ebc00000, 0x00000000ebc00000| Untracked 
| 189|0x00000000ebd00000, 0x00000000ebd00000, 0x00000000ebe00000|  0%| F|  |TAMS 0x00000000ebd00000, 0x00000000ebd00000| Untracked 
| 190|0x00000000ebe00000, 0x00000000ebe00000, 0x00000000ebf00000|  0%| F|  |TAMS 0x00000000ebe00000, 0x00000000ebe00000| Untracked 
| 191|0x00000000ebf00000, 0x00000000ebf00000, 0x00000000ec000000|  0%| F|  |TAMS 0x00000000ebf00000, 0x00000000ebf00000| Untracked 
| 192|0x00000000ec000000, 0x00000000ec000000, 0x00000000ec100000|  0%| F|  |TAMS 0x00000000ec000000, 0x00000000ec000000| Untracked 
| 193|0x00000000ec100000, 0x00000000ec100000, 0x00000000ec200000|  0%| F|  |TAMS 0x00000000ec100000, 0x00000000ec100000| Untracked 
| 194|0x00000000ec200000, 0x00000000ec200000, 0x00000000ec300000|  0%| F|  |TAMS 0x00000000ec200000, 0x00000000ec200000| Untracked 
| 195|0x00000000ec300000, 0x00000000ec300000, 0x00000000ec400000|  0%| F|  |TAMS 0x00000000ec300000, 0x00000000ec300000| Untracked 
| 196|0x00000000ec400000, 0x00000000ec400000, 0x00000000ec500000|  0%| F|  |TAMS 0x00000000ec400000, 0x00000000ec400000| Untracked 
| 197|0x00000000ec500000, 0x00000000ec500000, 0x00000000ec600000|  0%| F|  |TAMS 0x00000000ec500000, 0x00000000ec500000| Untracked 
| 198|0x00000000ec600000, 0x00000000ec600000, 0x00000000ec700000|  0%| F|  |TAMS 0x00000000ec600000, 0x00000000ec600000| Untracked 
| 199|0x00000000ec700000, 0x00000000ec700000, 0x00000000ec800000|  0%| F|  |TAMS 0x00000000ec700000, 0x00000000ec700000| Untracked 
| 200|0x00000000ec800000, 0x00000000ec800000, 0x00000000ec900000|  0%| F|  |TAMS 0x00000000ec800000, 0x00000000ec800000| Untracked 
| 201|0x00000000ec900000, 0x00000000ec900000, 0x00000000eca00000|  0%| F|  |TAMS 0x00000000ec900000, 0x00000000ec900000| Untracked 
| 202|0x00000000eca00000, 0x00000000eca00000, 0x00000000ecb00000|  0%| F|  |TAMS 0x00000000eca00000, 0x00000000eca00000| Untracked 
| 203|0x00000000ecb00000, 0x00000000ecb00000, 0x00000000ecc00000|  0%| F|  |TAMS 0x00000000ecb00000, 0x00000000ecb00000| Untracked 
| 204|0x00000000ecc00000, 0x00000000ecc00000, 0x00000000ecd00000|  0%| F|  |TAMS 0x00000000ecc00000, 0x00000000ecc00000| Untracked 
| 205|0x00000000ecd00000, 0x00000000ecd00000, 0x00000000ece00000|  0%| F|  |TAMS 0x00000000ecd00000, 0x00000000ecd00000| Untracked 
| 206|0x00000000ece00000, 0x00000000ece00000, 0x00000000ecf00000|  0%| F|  |TAMS 0x00000000ece00000, 0x00000000ece00000| Untracked 
| 207|0x00000000ecf00000, 0x00000000ecf00000, 0x00000000ed000000|  0%| F|  |TAMS 0x00000000ecf00000, 0x00000000ecf00000| Untracked 
| 208|0x00000000ed000000, 0x00000000ed000000, 0x00000000ed100000|  0%| F|  |TAMS 0x00000000ed000000, 0x00000000ed000000| Untracked 
| 209|0x00000000ed100000, 0x00000000ed100000, 0x00000000ed200000|  0%| F|  |TAMS 0x00000000ed100000, 0x00000000ed100000| Untracked 
| 210|0x00000000ed200000, 0x00000000ed200000, 0x00000000ed300000|  0%| F|  |TAMS 0x00000000ed200000, 0x00000000ed200000| Untracked 
| 211|0x00000000ed300000, 0x00000000ed300000, 0x00000000ed400000|  0%| F|  |TAMS 0x00000000ed300000, 0x00000000ed300000| Untracked 
| 212|0x00000000ed400000, 0x00000000ed400000, 0x00000000ed500000|  0%| F|  |TAMS 0x00000000ed400000, 0x00000000ed400000| Untracked 
| 213|0x00000000ed500000, 0x00000000ed500000, 0x00000000ed600000|  0%| F|  |TAMS 0x00000000ed500000, 0x00000000ed500000| Untracked 
| 214|0x00000000ed600000, 0x00000000ed600000, 0x00000000ed700000|  0%| F|  |TAMS 0x00000000ed600000, 0x00000000ed600000| Untracked 
| 215|0x00000000ed700000, 0x00000000ed700000, 0x00000000ed800000|  0%| F|  |TAMS 0x00000000ed700000, 0x00000000ed700000| Untracked 
| 216|0x00000000ed800000, 0x00000000ed800000, 0x00000000ed900000|  0%| F|  |TAMS 0x00000000ed800000, 0x00000000ed800000| Untracked 
| 217|0x00000000ed900000, 0x00000000ed900000, 0x00000000eda00000|  0%| F|  |TAMS 0x00000000ed900000, 0x00000000ed900000| Untracked 
| 218|0x00000000eda00000, 0x00000000eda00000, 0x00000000edb00000|  0%| F|  |TAMS 0x00000000eda00000, 0x00000000eda00000| Untracked 
| 219|0x00000000edb00000, 0x00000000edb00000, 0x00000000edc00000|  0%| F|  |TAMS 0x00000000edb00000, 0x00000000edb00000| Untracked 
| 220|0x00000000edc00000, 0x00000000edc00000, 0x00000000edd00000|  0%| F|  |TAMS 0x00000000edc00000, 0x00000000edc00000| Untracked 
| 221|0x00000000edd00000, 0x00000000edd00000, 0x00000000ede00000|  0%| F|  |TAMS 0x00000000edd00000, 0x00000000edd00000| Untracked 
| 222|0x00000000ede00000, 0x00000000ede00000, 0x00000000edf00000|  0%| F|  |TAMS 0x00000000ede00000, 0x00000000ede00000| Untracked 
| 223|0x00000000edf00000, 0x00000000edf00000, 0x00000000ee000000|  0%| F|  |TAMS 0x00000000edf00000, 0x00000000edf00000| Untracked 
| 224|0x00000000ee000000, 0x00000000ee000000, 0x00000000ee100000|  0%| F|  |TAMS 0x00000000ee000000, 0x00000000ee000000| Untracked 
| 225|0x00000000ee100000, 0x00000000ee100000, 0x00000000ee200000|  0%| F|  |TAMS 0x00000000ee100000, 0x00000000ee100000| Untracked 
